<?xml version="1.0" encoding="UTF-8"?>
<coverage generated="1621518034">
  <project timestamp="1621518034">
    <file name="/app/app/orin/src/Orin.php">
      <class name="Xyrotech\Orin\Orin" namespace="global">
        <metrics complexity="20" methods="6" coveredmethods="6" conditionals="0" coveredconditionals="0" statements="34" coveredstatements="34" elements="40" coveredelements="40"/>
      </class>
      <line num="11" type="stmt" count="1"/>
      <line num="33" type="method" name="__construct" visibility="public" complexity="2" crap="2" count="13"/>
      <line num="35" type="stmt" count="13"/>
      <line num="37" type="stmt" count="13"/>
      <line num="39" type="stmt" count="13"/>
      <line num="40" type="stmt" count="13"/>
      <line num="41" type="stmt" count="13"/>
      <line num="43" type="stmt" count="13"/>
      <line num="44" type="stmt" count="13"/>
      <line num="45" type="stmt" count="13"/>
      <line num="46" type="stmt" count="13"/>
      <line num="48" type="stmt" count="13"/>
      <line num="49" type="stmt" count="13"/>
      <line num="55" type="method" name="usingAuth" visibility="private" complexity="3" crap="3" count="13"/>
      <line num="57" type="stmt" count="13"/>
      <line num="65" type="method" name="setHeaders" visibility="private" complexity="4" crap="4" count="13"/>
      <line num="67" type="stmt" count="13"/>
      <line num="68" type="stmt" count="11"/>
      <line num="71" type="stmt" count="13"/>
      <line num="72" type="stmt" count="11"/>
      <line num="75" type="stmt" count="13"/>
      <line num="76" type="stmt" count="13"/>
      <line num="78" type="stmt" count="13"/>
      <line num="84" type="method" name="getAcceptHeader" visibility="private" complexity="3" crap="3" count="13"/>
      <line num="86" type="stmt" count="13"/>
      <line num="87" type="stmt" count="11"/>
      <line num="88" type="stmt" count="2"/>
      <line num="90" type="stmt" count="13"/>
      <line num="98" type="method" name="getAuthHeader" visibility="private" complexity="7" crap="7" count="13"/>
      <line num="100" type="stmt" count="13"/>
      <line num="101" type="stmt" count="10"/>
      <line num="104" type="stmt" count="3"/>
      <line num="105" type="stmt" count="1"/>
      <line num="108" type="stmt" count="2"/>
      <line num="111" type="method" name="getRates" visibility="public" complexity="1" crap="1" count="3"/>
      <line num="113" type="stmt" count="3"/>
      <line num="115" type="stmt" count="3"/>
      <line num="117" type="stmt" count="3"/>
      <line num="118" type="stmt" count="3"/>
      <line num="119" type="stmt" count="3"/>
      <line num="121" type="stmt" count="3"/>
      <metrics loc="123" ncloc="101" classes="1" methods="6" coveredmethods="6" conditionals="0" coveredconditionals="0" statements="35" coveredstatements="35" elements="41" coveredelements="41"/>
    </file>
    <file name="/app/app/orin/src/Traits/CollectionTrait.php">
      <class name="Xyrotech\Orin\Traits\CollectionTrait" namespace="global">
        <metrics complexity="12" methods="12" coveredmethods="12" conditionals="0" coveredconditionals="0" statements="16" coveredstatements="16" elements="28" coveredelements="28"/>
      </class>
      <line num="7" type="method" name="new_collection_folder" visibility="public" complexity="1" crap="1" count="1"/>
      <line num="9" type="stmt" count="1"/>
      <line num="11" type="stmt" count="1"/>
      <line num="14" type="method" name="collection_folder" visibility="public" complexity="1" crap="1" count="1"/>
      <line num="16" type="stmt" count="1"/>
      <line num="19" type="method" name="collection_folder_meta" visibility="public" complexity="1" crap="1" count="1"/>
      <line num="21" type="stmt" count="1"/>
      <line num="23" type="stmt" count="1"/>
      <line num="26" type="method" name="collection_folder_delete" visibility="public" complexity="1" crap="1" count="1"/>
      <line num="28" type="stmt" count="1"/>
      <line num="32" type="method" name="collection_items_by_release" visibility="public" complexity="1" crap="1" count="1"/>
      <line num="34" type="stmt" count="1"/>
      <line num="37" type="method" name="collection_items_by_folder" visibility="public" complexity="1" crap="1" count="1"/>
      <line num="39" type="stmt" count="1"/>
      <line num="43" type="method" name="add_to_collection_folder" visibility="public" complexity="1" crap="1" count="1"/>
      <line num="45" type="stmt" count="1"/>
      <line num="48" type="method" name="change_rating_of_release" visibility="public" complexity="1" crap="1" count="1"/>
      <line num="50" type="stmt" count="1"/>
      <line num="52" type="stmt" count="1"/>
      <line num="55" type="method" name="delete_instance_from_folder" visibility="public" complexity="1" crap="1" count="1"/>
      <line num="57" type="stmt" count="1"/>
      <line num="60" type="method" name="list_custom_fields" visibility="public" complexity="1" crap="1" count="1"/>
      <line num="62" type="stmt" count="1"/>
      <line num="65" type="method" name="edit_fields_instance" visibility="public" complexity="1" crap="1" count="1"/>
      <line num="67" type="stmt" count="1"/>
      <line num="69" type="stmt" count="1"/>
      <line num="72" type="method" name="collection_value" visibility="public" complexity="1" crap="1" count="1"/>
      <line num="74" type="stmt" count="1"/>
      <metrics loc="76" ncloc="76" classes="1" methods="12" coveredmethods="12" conditionals="0" coveredconditionals="0" statements="16" coveredstatements="16" elements="28" coveredelements="28"/>
    </file>
    <file name="/app/app/orin/src/Traits/DatabaseTrait.php">
      <class name="Xyrotech\Orin\Traits\DatabaseTrait" namespace="global">
        <metrics complexity="10" methods="10" coveredmethods="1" conditionals="0" coveredconditionals="0" statements="21" coveredstatements="2" elements="31" coveredelements="3"/>
      </class>
      <line num="9" type="method" name="release" visibility="public" complexity="1" crap="1" count="1"/>
      <line num="11" type="stmt" count="1"/>
      <line num="13" type="stmt" count="1"/>
      <line num="16" type="method" name="release_rating_by_user" visibility="public" complexity="1" crap="2" count="0"/>
      <line num="18" type="stmt" count="0"/>
      <line num="20" type="stmt" count="0"/>
      <line num="23" type="method" name="community_release_rating" visibility="public" complexity="1" crap="2" count="0"/>
      <line num="25" type="stmt" count="0"/>
      <line num="27" type="stmt" count="0"/>
      <line num="30" type="method" name="master_releases" visibility="public" complexity="1" crap="2" count="0"/>
      <line num="32" type="stmt" count="0"/>
      <line num="34" type="stmt" count="0"/>
      <line num="37" type="method" name="master_release_versions" visibility="public" complexity="1" crap="2" count="0"/>
      <line num="39" type="stmt" count="0"/>
      <line num="41" type="stmt" count="0"/>
      <line num="44" type="method" name="artist" visibility="public" complexity="1" crap="2" count="0"/>
      <line num="46" type="stmt" count="0"/>
      <line num="48" type="stmt" count="0"/>
      <line num="51" type="method" name="artist_releases" visibility="public" complexity="1" crap="2" count="0"/>
      <line num="53" type="stmt" count="0"/>
      <line num="55" type="stmt" count="0"/>
      <line num="58" type="method" name="label" visibility="public" complexity="1" crap="2" count="0"/>
      <line num="60" type="stmt" count="0"/>
      <line num="62" type="stmt" count="0"/>
      <line num="65" type="method" name="all_label_releases" visibility="public" complexity="1" crap="2" count="0"/>
      <line num="67" type="stmt" count="0"/>
      <line num="69" type="stmt" count="0"/>
      <line num="72" type="method" name="search" visibility="public" complexity="1" crap="2" count="0"/>
      <line num="74" type="stmt" count="0"/>
      <line num="76" type="stmt" count="0"/>
      <line num="78" type="stmt" count="0"/>
      <metrics loc="80" ncloc="80" classes="1" methods="10" coveredmethods="1" conditionals="0" coveredconditionals="0" statements="21" coveredstatements="2" elements="31" coveredelements="3"/>
    </file>
    <file name="/app/app/orin/src/Traits/EndpointsTrait.php">
      <class name="Xyrotech\Orin\Traits\EndpointsTrait" namespace="global">
        <metrics complexity="1" methods="1" coveredmethods="1" conditionals="0" coveredconditionals="0" statements="2" coveredstatements="2" elements="3" coveredelements="3"/>
      </class>
      <line num="5" type="stmt" count="1"/>
      <line num="6" type="stmt" count="1"/>
      <line num="7" type="stmt" count="1"/>
      <line num="8" type="stmt" count="1"/>
      <line num="9" type="stmt" count="1"/>
      <line num="10" type="stmt" count="1"/>
      <line num="23" type="method" name="response" visibility="private" complexity="1" crap="1" count="7"/>
      <line num="25" type="stmt" count="7"/>
      <line num="27" type="stmt" count="7"/>
      <metrics loc="29" ncloc="29" classes="1" methods="1" coveredmethods="1" conditionals="0" coveredconditionals="0" statements="8" coveredstatements="8" elements="9" coveredelements="9"/>
    </file>
    <file name="/app/app/orin/src/Traits/IdentityTrait.php">
      <class name="Xyrotech\Orin\Traits\IdentityTrait" namespace="global">
        <metrics complexity="4" methods="4" coveredmethods="0" conditionals="0" coveredconditionals="0" statements="8" coveredstatements="0" elements="12" coveredelements="0"/>
      </class>
      <line num="9" type="method" name="identity" visibility="public" complexity="1" crap="2" count="0"/>
      <line num="11" type="stmt" count="0"/>
      <line num="13" type="stmt" count="0"/>
      <line num="16" type="method" name="profile" visibility="public" complexity="1" crap="2" count="0"/>
      <line num="18" type="stmt" count="0"/>
      <line num="20" type="stmt" count="0"/>
      <line num="23" type="method" name="user_submissions" visibility="public" complexity="1" crap="2" count="0"/>
      <line num="25" type="stmt" count="0"/>
      <line num="27" type="stmt" count="0"/>
      <line num="30" type="method" name="user_contributions" visibility="public" complexity="1" crap="2" count="0"/>
      <line num="32" type="stmt" count="0"/>
      <line num="34" type="stmt" count="0"/>
      <metrics loc="36" ncloc="36" classes="1" methods="4" coveredmethods="0" conditionals="0" coveredconditionals="0" statements="8" coveredstatements="0" elements="12" coveredelements="0"/>
    </file>
    <file name="/app/app/orin/src/Traits/ListTrait.php">
      <class name="Xyrotech\Orin\Traits\ListTrait" namespace="global">
        <metrics complexity="2" methods="2" coveredmethods="0" conditionals="0" coveredconditionals="0" statements="4" coveredstatements="0" elements="6" coveredelements="0"/>
      </class>
      <line num="9" type="method" name="user_lists" visibility="public" complexity="1" crap="2" count="0"/>
      <line num="11" type="stmt" count="0"/>
      <line num="13" type="stmt" count="0"/>
      <line num="16" type="method" name="lists" visibility="public" complexity="1" crap="2" count="0"/>
      <line num="18" type="stmt" count="0"/>
      <line num="20" type="stmt" count="0"/>
      <metrics loc="22" ncloc="22" classes="1" methods="2" coveredmethods="0" conditionals="0" coveredconditionals="0" statements="4" coveredstatements="0" elements="6" coveredelements="0"/>
    </file>
    <file name="/app/app/orin/src/Traits/MarketplaceTrait.php">
      <class name="Xyrotech\Orin\Traits\MarketplaceTrait" namespace="global">
        <metrics complexity="9" methods="9" coveredmethods="0" conditionals="0" coveredconditionals="0" statements="19" coveredstatements="0" elements="28" coveredelements="0"/>
      </class>
      <line num="9" type="method" name="inventory" visibility="public" complexity="1" crap="2" count="0"/>
      <line num="11" type="stmt" count="0"/>
      <line num="13" type="stmt" count="0"/>
      <line num="16" type="method" name="listing" visibility="public" complexity="1" crap="2" count="0"/>
      <line num="18" type="stmt" count="0"/>
      <line num="20" type="stmt" count="0"/>
      <line num="23" type="method" name="list" visibility="public" complexity="1" crap="2" count="0"/>
      <line num="25" type="stmt" count="0"/>
      <line num="26" type="stmt" count="0"/>
      <line num="28" type="stmt" count="0"/>
      <line num="31" type="method" name="order" visibility="public" complexity="1" crap="2" count="0"/>
      <line num="33" type="stmt" count="0"/>
      <line num="35" type="stmt" count="0"/>
      <line num="38" type="method" name="list_orders" visibility="public" complexity="1" crap="2" count="0"/>
      <line num="40" type="stmt" count="0"/>
      <line num="42" type="stmt" count="0"/>
      <line num="45" type="method" name="list_orders_messages" visibility="public" complexity="1" crap="2" count="0"/>
      <line num="47" type="stmt" count="0"/>
      <line num="49" type="stmt" count="0"/>
      <line num="59" type="method" name="fee" visibility="public" complexity="1" crap="2" count="0"/>
      <line num="61" type="stmt" count="0"/>
      <line num="63" type="stmt" count="0"/>
      <line num="73" type="method" name="fee_with_currency" visibility="public" complexity="1" crap="2" count="0"/>
      <line num="75" type="stmt" count="0"/>
      <line num="77" type="stmt" count="0"/>
      <line num="80" type="method" name="price_suggestions" visibility="public" complexity="1" crap="2" count="0"/>
      <line num="82" type="stmt" count="0"/>
      <line num="84" type="stmt" count="0"/>
      <metrics loc="86" ncloc="72" classes="1" methods="9" coveredmethods="0" conditionals="0" coveredconditionals="0" statements="19" coveredstatements="0" elements="28" coveredelements="0"/>
    </file>
    <file name="/app/app/orin/src/Traits/WantlistTrait.php">
      <class name="Xyrotech\Orin\Traits\WantlistTrait" namespace="global">
        <metrics complexity="2" methods="2" coveredmethods="0" conditionals="0" coveredconditionals="0" statements="4" coveredstatements="0" elements="6" coveredelements="0"/>
      </class>
      <line num="9" type="method" name="wantlist" visibility="public" complexity="1" crap="2" count="0"/>
      <line num="11" type="stmt" count="0"/>
      <line num="13" type="stmt" count="0"/>
      <line num="16" type="method" name="add_to_wantlist" visibility="public" complexity="1" crap="2" count="0"/>
      <line num="18" type="stmt" count="0"/>
      <line num="20" type="stmt" count="0"/>
      <metrics loc="22" ncloc="22" classes="1" methods="2" coveredmethods="0" conditionals="0" coveredconditionals="0" statements="4" coveredstatements="0" elements="6" coveredelements="0"/>
    </file>
    <file name="/app/app/orin/src/config.test.php">
      <line num="3" type="stmt" count="0"/>
      <metrics loc="79" ncloc="22" classes="0" methods="0" coveredmethods="0" conditionals="0" coveredconditionals="0" statements="1" coveredstatements="0" elements="1" coveredelements="0"/>
    </file>
    <metrics files="9" loc="553" ncloc="460" classes="8" methods="46" coveredmethods="20" conditionals="0" coveredconditionals="0" statements="116" coveredstatements="61" elements="162" coveredelements="81"/>
  </project>
</coverage>
